1633963266866	geckodriver	INFO	Listening on 127.0.0.1:60908
1633963269913	mozrunner::runner	INFO	Running command: "C:\\Program Files\\Mozilla Firefox\\firefox.exe" "--marionette" "-no-remote" "-profile" "C:\\Users\\aubin\\AppData\\Local\\Temp\\rust_mozprofilejU3TMT"
1633963270652	Marionette	INFO	Marionette enabled
console.warn: SearchSettings: "get: No settings file exists, new profile?" (new NotFoundError("Could not open the file at C:\\Users\\aubin\\AppData\\Local\\Temp\\rust_mozprofilejU3TMT\\search.json.mozlz4", (void 0)))
1633963274505	Marionette	INFO	Listening on port 61077
1633963274796	RemoteAgent	WARN	TLS certificate errors will be ignored for this session
1633963346821	Marionette	INFO	Stopped listening on port 61077
JavaScript error: resource:///modules/Interactions.jsm, line 230: NS_ERROR_FAILURE: Component returned failure code: 0x80004005 (NS_ERROR_FAILURE) [nsIUserIdleService.removeIdleObserver]
JavaScript error: chrome://remote/content/marionette/cert.js, line 55: NS_ERROR_NOT_AVAILABLE: Component returned failure code: 0x80040111 (NS_ERROR_NOT_AVAILABLE) [nsICertOverrideService.setDisableAllSecurityChecksAndLetAttackersInterceptMyData]

###!!! [Parent][RunMessage] Error: Channel closing: too late to send/recv, messages will be lost

1633963362708	geckodriver	INFO	Listening on 127.0.0.1:51252
1633963365733	mozrunner::runner	INFO	Running command: "C:\\Program Files\\Mozilla Firefox\\firefox.exe" "--marionette" "-no-remote" "-profile" "C:\\Users\\aubin\\AppData\\Local\\Temp\\rust_mozprofileLHA15g"
1633963366511	Marionette	INFO	Marionette enabled
console.warn: SearchSettings: "get: No settings file exists, new profile?" (new NotFoundError("Could not open the file at C:\\Users\\aubin\\AppData\\Local\\Temp\\rust_mozprofileLHA15g\\search.json.mozlz4", (void 0)))
1633963370403	Marionette	INFO	Listening on port 64348
1633963370580	RemoteAgent	WARN	TLS certificate errors will be ignored for this session
1633963383647	Marionette	INFO	Stopped listening on port 64348
JavaScript error: resource:///modules/Interactions.jsm, line 230: NS_ERROR_FAILURE: Component returned failure code: 0x80004005 (NS_ERROR_FAILURE) [nsIUserIdleService.removeIdleObserver]
JavaScript error: chrome://remote/content/marionette/cert.js, line 55: NS_ERROR_NOT_AVAILABLE: Component returned failure code: 0x80040111 (NS_ERROR_NOT_AVAILABLE) [nsICertOverrideService.setDisableAllSecurityChecksAndLetAttackersInterceptMyData]

###!!! [Parent][RunMessage] Error: Channel closing: too late to send/recv, messages will be lost

1633963428678	geckodriver	INFO	Listening on 127.0.0.1:56505
1633963431729	mozrunner::runner	INFO	Running command: "C:\\Program Files\\Mozilla Firefox\\firefox.exe" "--marionette" "-no-remote" "-profile" "C:\\Users\\aubin\\AppData\\Local\\Temp\\rust_mozprofileZGCfiJ"
1633963432376	Marionette	INFO	Marionette enabled
console.warn: SearchSettings: "get: No settings file exists, new profile?" (new NotFoundError("Could not open the file at C:\\Users\\aubin\\AppData\\Local\\Temp\\rust_mozprofileZGCfiJ\\search.json.mozlz4", (void 0)))
1633963435889	Marionette	INFO	Listening on port 56200
1633963435968	RemoteAgent	WARN	TLS certificate errors will be ignored for this session
1633963456257	Marionette	INFO	Stopped listening on port 56200
JavaScript error: resource:///modules/Interactions.jsm, line 230: NS_ERROR_FAILURE: Component returned failure code: 0x80004005 (NS_ERROR_FAILURE) [nsIUserIdleService.removeIdleObserver]
JavaScript error: chrome://remote/content/marionette/cert.js, line 55: NS_ERROR_NOT_AVAILABLE: Component returned failure code: 0x80040111 (NS_ERROR_NOT_AVAILABLE) [nsICertOverrideService.setDisableAllSecurityChecksAndLetAttackersInterceptMyData]
1633963457870	geckodriver	INFO	Listening on 127.0.0.1:57152
1633963460936	mozrunner::runner	INFO	Running command: "C:\\Program Files\\Mozilla Firefox\\firefox.exe" "--marionette" "-no-remote" "-profile" "C:\\Users\\aubin\\AppData\\Local\\Temp\\rust_mozprofileg7PfMS"
1633963461526	Marionette	INFO	Marionette enabled
console.warn: SearchSettings: "get: No settings file exists, new profile?" (new NotFoundError("Could not open the file at C:\\Users\\aubin\\AppData\\Local\\Temp\\rust_mozprofileg7PfMS\\search.json.mozlz4", (void 0)))
1633963464365	Marionette	INFO	Listening on port 62852
1633963464684	RemoteAgent	WARN	TLS certificate errors will be ignored for this session
1633963662065	Marionette	INFO	Stopped listening on port 62852
JavaScript error: resource:///modules/Interactions.jsm, line 230: NS_ERROR_FAILURE: Component returned failure code: 0x80004005 (NS_ERROR_FAILURE) [nsIUserIdleService.removeIdleObserver]
JavaScript error: chrome://remote/content/marionette/cert.js, line 55: NS_ERROR_NOT_AVAILABLE: Component returned failure code: 0x80040111 (NS_ERROR_NOT_AVAILABLE) [nsICertOverrideService.setDisableAllSecurityChecksAndLetAttackersInterceptMyData]

###!!! [Parent][RunMessage] Error: Channel closing: too late to send/recv, messages will be lost

04	RemoteAgent	WARN	TLS certificate errors will be ignored for this session
1633963663060	Marionette	INFO	Stopped listening on port 49692
JavaScript error: resource:///modules/Interactions.jsm, line 230: NS_ERROR_FAILURE: Component returned failure code: 0x80004005 (NS_ERROR_FAILURE) [nsIUserIdleService.removeIdleObserver]
JavaScript error: chrome://remote/content/marionette/cert.js, line 55: NS_ERROR_NOT_AVAILABLE: Component returned failure code: 0x80040111 (NS_ERROR_NOT_AVAILABLE) [nsICertOverrideService.setDisableAllSecurityChecksAndLetAttackersInterceptMyData]
[Parent 6252, IPC I/O Parent] WARNING: file /builds/worker/checkouts/gecko/ipc/chromium/src/base/process_util_win.cc:167

###!!! [Parent][RunMessage] Error: Channel closing: too late to send/recv, messages will be lost

